<?xml version="1.0" encoding="UTF-8"?>
<!-- Generated by org.testng.reporters.JUnitReportReporter -->
<testsuite hostname="DESKTOP-0J99GUD" failures="0" tests="7" name="com.qa.opencart.tests.AccountPageTest" time="-1735041920.000" errors="1" timestamp="2024-12-24T17:34:50 IST" skipped="6">
  <testcase classname="com.qa.opencart.tests.AccountPageTest" name="accpageTitleTest" time="0.001">
    <skipped/>
  </testcase> <!-- accpageTitleTest -->
  <testcase classname="com.qa.opencart.tests.AccountPageTest" name="searchTest" time="0.000">
    <skipped/>
  </testcase> <!-- searchTest -->
  <testcase classname="com.qa.opencart.tests.AccountPageTest" name="searchTest" time="0.000">
    <skipped/>
  </testcase> <!-- searchTest -->
  <testcase classname="com.qa.opencart.tests.AccountPageTest" name="accpageURLTest" time="0.001">
    <skipped/>
  </testcase> <!-- accpageURLTest -->
  <testcase classname="com.qa.opencart.tests.AccountPageTest" name="searchTest" time="0.000">
    <skipped/>
  </testcase> <!-- searchTest -->
  <testcase classname="com.qa.opencart.tests.AccountPageTest" name="accountPageHeader" time="0.026">
    <skipped/>
  </testcase> <!-- accountPageHeader -->
  <testcase classname="com.qa.opencart.tests.AccountPageTest" name="setUp" time="-1735041920.000">
    <error message="
Parameter &#039;browser&#039; is required by BeforeTest on method setUp but has not been marked @Optional or defined
in F:\eclipse-workspace\DecPOMSeries\src\test\resources\testrunners\testng_regression.xml" type="org.testng.TestNGException">
      <![CDATA[org.testng.TestNGException: 
Parameter 'browser' is required by BeforeTest on method setUp but has not been marked @Optional or defined
in F:\eclipse-workspace\DecPOMSeries\src\test\resources\testrunners\testng_regression.xml
at org.testng.internal.Parameters.createParams(Parameters.java:264)
at org.testng.internal.Parameters.createParametersForMethod(Parameters.java:352)
at org.testng.internal.Parameters.createParameters(Parameters.java:690)
at org.testng.internal.Parameters.createConfigurationParameters(Parameters.java:163)
at org.testng.internal.invokers.ConfigInvoker.invokeConfigurations(ConfigInvoker.java:313)
at org.testng.TestRunner.invokeTestConfigurations(TestRunner.java:655)
at org.testng.TestRunner.beforeRun(TestRunner.java:644)
at org.testng.TestRunner.run(TestRunner.java:610)
at org.testng.SuiteRunner.runTest(SuiteRunner.java:421)
at org.testng.SuiteRunner$SuiteWorker.run(SuiteRunner.java:463)
at org.testng.internal.thread.ThreadUtil.lambda$execute$0(ThreadUtil.java:64)
at java.base/java.util.concurrent.FutureTask.run(FutureTask.java:264)
at java.base/java.util.concurrent.ThreadPoolExecutor.runWorker(ThreadPoolExecutor.java:1136)
at java.base/java.util.concurrent.ThreadPoolExecutor$Worker.run(ThreadPoolExecutor.java:635)
at java.base/java.lang.Thread.run(Thread.java:833)
]]>
    </error>
  </testcase> <!-- setUp -->
</testsuite> <!-- com.qa.opencart.tests.AccountPageTest -->
